<?xml version="1.0" encoding="utf-8"?>
<csv-transformation-config xmlns:xsi="http://www.w3.org/2001/XMLSchema-instance"
                           xmlns="http://www.ayanahmedov.com/CsvTransform"
                           xsi:schemaLocation="http://www.ayanahmedov.com/CsvTransform csv-transform-schema.xsd">

    <transformation>
        <targetSchemaColumn>yyyy-MM-dd</targetSchemaColumn>
        <sourceBindPattern>$1-$1-$1</sourceBindPattern>
        <targetStringFormatter>
            <dateValueFormatter>
                <sourceFormatPattern>abc</sourceFormatPattern>
                <targetDateFormat>
                    <formatPattern>yyyy:LL:dd</formatPattern>
                    <zoneId>Europe/Vienna</zoneId>
                </targetDateFormat>
            </dateValueFormatter>
        </targetStringFormatter>
        <sourceColumn>
            <name>Col-1</name>
            <bindPatternPosition>1</bindPatternPosition>
        </sourceColumn>
    </transformation>
</csv-transformation-config>